Last login: Fri Dec 18 16:42:12 on ttys000
ls
ruoyanqin ~$ ls
total 136
drwxr-xr-x+  37 ruoyanqin  staff   1.2K Dec 18 16:43 .
drwxr-xr-x    6 root       admin   204B Nov 25 14:18 ..
-r--------    1 ruoyanqin  staff     7B Dec  6 03:12 .CFUserTextEncoding
-rw-r--r--@   1 ruoyanqin  staff    14K Dec 10 15:47 .DS_Store
drwx------   26 ruoyanqin  staff   884B Dec 15 21:57 .Trash
-rw-r--r--    1 ruoyanqin  staff    12K Dec 11 16:59 .bash_history
-rw-r--r--    1 ruoyanqin  staff    49B Nov 25 18:19 .bash_profile
drwxr-xr-x  145 ruoyanqin  staff   4.8K Dec 19 08:02 .bash_sessions
-rw-r--r--    1 ruoyanqin  staff   422B Nov 29 10:03 .bashrc
drwxr-xr-x    6 ruoyanqin  staff   204B Dec  7 10:17 .codeintel
drwxr-xr-x    6 ruoyanqin  staff   204B Nov 26 10:29 .eclipse
-rw-r--r--    1 ruoyanqin  staff   201B Dec 18 16:43 .gitconfig
drwxr-xr-x   11 ruoyanqin  staff   374B Nov 29 15:00 .heroku
drwxr-xr-x    3 ruoyanqin  staff   102B Nov 30 10:26 .jssc
-rw-------    1 ruoyanqin  staff    54B Nov 29 09:59 .lesshst
-rw-------    1 ruoyanqin  staff   269B Nov 29 13:42 .mysql_history
-rw-------    1 ruoyanqin  staff   192B Nov 29 15:01 .netrc
drwxr-xr-x    5 ruoyanqin  staff   170B Dec  1 23:14 .oracle_jre_usage
drwxr-xr-x    5 ruoyanqin  staff   170B Dec  1 18:54 .p2
-rw-------    1 ruoyanqin  staff     7B Nov 25 17:32 .python_history
drwx------    5 ruoyanqin  staff   170B Nov 25 20:07 .ssh
drwxr-xr-x    3 ruoyanqin  staff   102B Nov 26 10:24 .tooling
drwxr-xr-x    3 ruoyanqin  staff   102B Nov 25 16:52 .vim
-rw-------    1 ruoyanqin  staff   4.9K Dec  8 16:50 .viminfo
drwxr-xr-x   18 ruoyanqin  staff   612B Nov 29 09:21 .virtualenvs
drwx------    5 ruoyanqin  staff   170B Nov 25 16:12 Applications
drwx------  216 ruoyanqin  staff   7.2K Nov 29 23:21 Books
drwx------+   5 ruoyanqin  staff   170B Dec 18 23:58 Desktop
drwxr-xr-x   14 ruoyanqin  staff   476B Dec  7 18:31 Developer
drwx------+   5 ruoyanqin  staff   170B Nov 30 10:37 Documents
drwx------+  11 ruoyanqin  staff   374B Dec 18 23:42 Downloads
drwx------@  54 ruoyanqin  staff   1.8K Dec 18 16:37 Library
drwx------+   3 ruoyanqin  staff   102B Nov 25 13:31 Movies
drwx------+   5 ruoyanqin  staff   170B Nov 25 22:15 Music
drwx------+   3 ruoyanqin  staff   102B Nov 28 15:03 Pictures
drwxr-xr-x+   4 ruoyanqin  staff   136B Nov 25 13:31 Public
drwxr-xr-x    8 ruoyanqin  staff   272B Nov 25 09:00 Software
ruoyanqin ~$ cd Developer/
ruoyanqin ~/Developer$ ls
total 24
drwxr-xr-x  14 ruoyanqin  staff   476B Dec  7 18:31 .
drwxr-xr-x+ 37 ruoyanqin  staff   1.2K Dec 18 16:43 ..
-rw-r--r--@  1 ruoyanqin  staff    10K Dec 19 08:00 .DS_Store
drwxr-xr-x  14 ruoyanqin  staff   476B Jun 15  2015 C
drwxr-xr-x   8 ruoyanqin  staff   272B May 31  2015 C++
drwxr-xr-x  21 ruoyanqin  staff   714B Dec  6 13:01 CS2800
drwxr-xr-x   6 ruoyanqin  staff   204B Dec  7 18:28 TDDPython
drwxr-xr-x   5 ruoyanqin  staff   170B Nov 29 15:38 campus-connection2
drwxr-xr-x  22 ruoyanqin  staff   748B Nov  8 12:51 cs193
drwxr-xr-x   6 ruoyanqin  staff   204B Nov  6 10:50 gitPlayground
drwxr-xr-x  17 ruoyanqin  staff   578B Dec 11 16:56 librarymonitor
drwxr-xr-x  18 ruoyanqin  staff   612B Nov 29 17:03 myWebProjects
drwxr-xr-x  16 ruoyanqin  staff   544B Dec  1 09:11 neon_workspace
drwxr-xr-x  26 ruoyanqin  staff   884B Nov  8 13:03 python
ruoyanqin ~/Developer$ cd campus-connection2/
ruoyanqin ~/Developer/campus-connection2$ ls
total 408
drwxr-xr-x   5 ruoyanqin  staff   170B Nov 29 15:38 .
drwxr-xr-x  14 ruoyanqin  staff   476B Dec  7 18:31 ..
-rw-r--r--@  1 ruoyanqin  staff   6.0K Dec  3 19:08 .DS_Store
drwxr-xr-x  20 ruoyanqin  staff   680B Nov 29 17:16 campus-connection
-rw-r--r--   1 ruoyanqin  staff   194K Nov 29 15:37 heroku_700535e64cd6917_2015-11-29.sql
ruoyanqin ~/Developer/campus-connection2$ cd campus-connection/
ruoyanqin ~/Developer/campus-connection2/campus-connection$ sl
-bash: sl: command not found
ruoyanqin ~/Developer/campus-connection2/campus-connection$ ls
total 80
drwxr-xr-x  20 ruoyanqin  staff   680B Nov 29 17:16 .
drwxr-xr-x   5 ruoyanqin  staff   170B Nov 29 15:38 ..
-rw-r--r--@  1 ruoyanqin  staff   6.0K Nov 29 17:16 .DS_Store
drwxr-xr-x  14 ruoyanqin  staff   476B Dec  4 22:29 .git
-rw-r--r--   1 ruoyanqin  staff   118B Nov 29 14:45 .gitignore
-rw-r--r--   1 ruoyanqin  staff    35B Nov 29 14:45 Procfile
-rw-r--r--   1 ruoyanqin  staff   1.1K Nov 29 14:45 README.md
-rw-r--r--   1 ruoyanqin  staff   3.0K Nov 29 14:45 Vagrantfile
drwxr-xr-x   5 ruoyanqin  staff   170B Nov 29 14:45 archive
drwxr-xr-x  14 ruoyanqin  staff   476B Dec  4 15:18 campusconnection
-rw-r--r--   1 ruoyanqin  staff   375B Nov 29 14:45 instructions.txt
-rw-r--r--   1 ruoyanqin  staff   259B Nov 29 14:45 manage.py
drwxr-xr-x  16 ruoyanqin  staff   544B Nov 29 14:52 newstudent
-rw-r--r--   1 ruoyanqin  staff   129B Nov 29 14:45 requirements.txt
drwxr-xr-x  15 ruoyanqin  staff   510B Dec  4 15:19 selection
drwxr-xr-x  11 ruoyanqin  staff   374B Nov 29 14:49 static_content
drwxr-xr-x   7 ruoyanqin  staff   238B Nov 29 14:45 staticfiles
drwxr-xr-x  24 ruoyanqin  staff   816B Nov 29 14:45 templates
drwxr-xr-x  16 ruoyanqin  staff   544B Nov 29 14:52 upperclassman
-rw-r--r--   1 ruoyanqin  staff   300B Nov 29 14:45 vagrantInstructions.txt
ruoyanqin ~/Developer/campus-connection2/campus-connection$ python manage.py runserver
Traceback (most recent call last):
  File "manage.py", line 8, in <module>
    from django.core.management import execute_from_command_line
ImportError: No module named django.core.management
ruoyanqin ~/Developer/campus-connection2/campus-connection$ workon lgcenv
(lgcenv)ruoyanqin ~/Developer/campus-connection2/campus-connection$ python manage.py runserver
Validating models...

0 errors found
December 19, 2015 - 13:04:04
Django version 1.6.1, using settings 'campusconnection.settings'
Starting development server at http://127.0.0.1:8000/
Quit the server with CONTROL-C.
[19/Dec/2015 13:04:25] "GET / HTTP/1.1" 200 3895
[19/Dec/2015 13:04:26] "GET /static/css/styles.css HTTP/1.1" 200 3740
[19/Dec/2015 13:04:26] "GET /static/img/fb.png HTTP/1.1" 200 4078
[19/Dec/2015 13:04:26] "GET /static/img/CoffeeCup.jpeg HTTP/1.1" 200 115315
[19/Dec/2015 13:04:26] "GET /static/img/first.png HTTP/1.1" 200 166027
[19/Dec/2015 13:04:26] "GET /static/img/second.png HTTP/1.1" 200 185362
[19/Dec/2015 13:04:26] "GET /static/img/third.png HTTP/1.1" 200 163363
[19/Dec/2015 13:04:26] "GET /static/css/static/fonts/typewriter/SpecialElite.ttf HTTP/1.1" 404 1736
[19/Dec/2015 13:04:26] "GET /static/img/hr.png HTTP/1.1" 200 6788
[19/Dec/2015 13:04:26] "GET /static/img/Clubs4.png HTTP/1.1" 200 744870
[19/Dec/2015 13:04:34] "GET /newstudent/ HTTP/1.1" 200 28164
[19/Dec/2015 13:04:34] "GET /static/css/static/fonts/typewriter/SpecialElite.ttf HTTP/1.1" 404 1736
^C(lgcenv)ruoyanqin ~/Developer/campus-connection2/campus-connection$ cd ..
(lgcenv)ruoyanqin ~/Developer/campus-connection2$ cd ..
(lgcenv)ruoyanqin ~/Developer$ ls
total 24
drwxr-xr-x  14 ruoyanqin  staff   476B Dec  7 18:31 .
drwxr-xr-x+ 37 ruoyanqin  staff   1.2K Dec 18 16:43 ..
-rw-r--r--@  1 ruoyanqin  staff    10K Dec 19 08:00 .DS_Store
drwxr-xr-x  14 ruoyanqin  staff   476B Jun 15  2015 C
drwxr-xr-x   8 ruoyanqin  staff   272B May 31  2015 C++
drwxr-xr-x  21 ruoyanqin  staff   714B Dec  6 13:01 CS2800
drwxr-xr-x   6 ruoyanqin  staff   204B Dec  7 18:28 TDDPython
drwxr-xr-x   5 ruoyanqin  staff   170B Nov 29 15:38 campus-connection2
drwxr-xr-x  22 ruoyanqin  staff   748B Nov  8 12:51 cs193
drwxr-xr-x   6 ruoyanqin  staff   204B Nov  6 10:50 gitPlayground
drwxr-xr-x  17 ruoyanqin  staff   578B Dec 11 16:56 librarymonitor
drwxr-xr-x  18 ruoyanqin  staff   612B Nov 29 17:03 myWebProjects
drwxr-xr-x  16 ruoyanqin  staff   544B Dec  1 09:11 neon_workspace
drwxr-xr-x  26 ruoyanqin  staff   884B Nov  8 13:03 python
(lgcenv)ruoyanqin ~/Developer$ django-admin startproject lgc2
-bash: django-admin: command not found
(lgcenv)ruoyanqin ~/Developer$ django-admin.py startproject lgc2
(lgcenv)ruoyanqin ~/Developer$ ls
total 32
drwxr-xr-x  15 ruoyanqin  staff   510B Dec 19 08:07 .
drwxr-xr-x+ 37 ruoyanqin  staff   1.2K Dec 18 16:43 ..
-rw-r--r--@  1 ruoyanqin  staff    12K Dec 19 08:07 .DS_Store
drwxr-xr-x  14 ruoyanqin  staff   476B Jun 15  2015 C
drwxr-xr-x   8 ruoyanqin  staff   272B May 31  2015 C++
drwxr-xr-x  21 ruoyanqin  staff   714B Dec  6 13:01 CS2800
drwxr-xr-x   6 ruoyanqin  staff   204B Dec  7 18:28 TDDPython
drwxr-xr-x   5 ruoyanqin  staff   170B Nov 29 15:38 campus-connection2
drwxr-xr-x  22 ruoyanqin  staff   748B Nov  8 12:51 cs193
drwxr-xr-x   6 ruoyanqin  staff   204B Nov  6 10:50 gitPlayground
drwxr-xr-x   4 ruoyanqin  staff   136B Dec 19 08:07 lgc2
drwxr-xr-x  17 ruoyanqin  staff   578B Dec 11 16:56 librarymonitor
drwxr-xr-x  18 ruoyanqin  staff   612B Nov 29 17:03 myWebProjects
drwxr-xr-x  16 ruoyanqin  staff   544B Dec  1 09:11 neon_workspace
drwxr-xr-x  26 ruoyanqin  staff   884B Nov  8 13:03 python
(lgcenv)ruoyanqin ~/Developer$ cd lgc2/
(lgcenv)ruoyanqin ~/Developer/lgc2$ ls
total 8
drwxr-xr-x   4 ruoyanqin  staff   136B Dec 19 08:07 .
drwxr-xr-x  15 ruoyanqin  staff   510B Dec 19 08:07 ..
drwxr-xr-x   6 ruoyanqin  staff   204B Dec 19 08:07 lgc2
-rwxr-xr-x   1 ruoyanqin  staff   247B Dec 19 08:07 manage.py
(lgcenv)ruoyanqin ~/Developer/lgc2$ python manage.py runserver
Validating models...

0 errors found
December 19, 2015 - 13:08:15
Django version 1.6.1, using settings 'lgc2.settings'
Starting development server at http://127.0.0.1:8000/
Quit the server with CONTROL-C.
[19/Dec/2015 13:08:39] "GET / HTTP/1.1" 200 1757
^C(lgcenv)ruoyanqin ~/Developer/lgc2$ ls
total 24
drwxr-xr-x   5 ruoyanqin  staff   170B Dec 19 08:10 .
drwxr-xr-x  15 ruoyanqin  staff   510B Dec 19 08:07 ..
-rw-r--r--@  1 ruoyanqin  staff   6.0K Dec 19 08:10 .DS_Store
drwxr-xr-x  11 ruoyanqin  staff   374B Dec 19 08:10 lgc2
-rwxr-xr-x   1 ruoyanqin  staff   247B Dec 19 08:07 manage.py
(lgcenv)ruoyanqin ~/Developer/lgc2$ cd ..
(lgcenv)ruoyanqin ~/Developer$ ls
total 32
drwxr-xr-x  15 ruoyanqin  staff   510B Dec 19 08:07 .
drwxr-xr-x+ 37 ruoyanqin  staff   1.2K Dec 18 16:43 ..
-rw-r--r--@  1 ruoyanqin  staff    12K Dec 19 08:12 .DS_Store
drwxr-xr-x  14 ruoyanqin  staff   476B Jun 15  2015 C
drwxr-xr-x   8 ruoyanqin  staff   272B May 31  2015 C++
drwxr-xr-x  21 ruoyanqin  staff   714B Dec  6 13:01 CS2800
drwxr-xr-x   6 ruoyanqin  staff   204B Dec  7 18:28 TDDPython
drwxr-xr-x   5 ruoyanqin  staff   170B Nov 29 15:38 campus-connection2
drwxr-xr-x  22 ruoyanqin  staff   748B Nov  8 12:51 cs193
drwxr-xr-x   6 ruoyanqin  staff   204B Nov  6 10:50 gitPlayground
drwxr-xr-x   5 ruoyanqin  staff   170B Dec 19 08:10 lgc2
drwxr-xr-x  17 ruoyanqin  staff   578B Dec 11 16:56 librarymonitor
drwxr-xr-x  18 ruoyanqin  staff   612B Nov 29 17:03 myWebProjects
drwxr-xr-x  16 ruoyanqin  staff   544B Dec  1 09:11 neon_workspace
drwxr-xr-x  26 ruoyanqin  staff   884B Nov  8 13:03 python
(lgcenv)ruoyanqin ~/Developer$ cd librarymonitor/
(lgcenv)ruoyanqin ~/Developer/librarymonitor$ ls
total 168
drwxr-xr-x  17 ruoyanqin  staff   578B Dec 11 16:56 .
drwxr-xr-x  15 ruoyanqin  staff   510B Dec 19 08:07 ..
-rw-r--r--@  1 ruoyanqin  staff   8.0K Dec 19 08:12 .DS_Store
drwxr-xr-x  15 ruoyanqin  staff   510B Dec  8 17:04 .git
-rw-r--r--   1 ruoyanqin  staff    95B Dec  7 21:27 .gitignore
-rw-r--r--   1 ruoyanqin  staff   484B Dec  8 16:49 README.md
drwxr-xr-x   6 ruoyanqin  staff   204B Dec  8 16:46 arduino_library
-rw-r--r--   1 ruoyanqin  staff    39K Dec 11 16:56 db.sqlite3
drwxr-xr-x   9 ruoyanqin  staff   306B Dec  7 19:04 doorsensor
drwxr-xr-x   4 ruoyanqin  staff   136B Dec  7 19:12 functional_tests
drwxr-xr-x   8 ruoyanqin  staff   272B Dec  7 18:51 librarymonitor
-rw-r--r--   1 ruoyanqin  staff   243B Dec  7 18:48 librarymonitor.sublime-project
-rw-r--r--   1 ruoyanqin  staff    15K Dec  8 19:12 librarymonitor.sublime-workspace
-rwxr-xr-x   1 ruoyanqin  staff   257B Dec  7 18:31 manage.py
drwxr-xr-x   6 ruoyanqin  staff   204B Dec  7 18:49 project_static
drwxr-xr-x   3 ruoyanqin  staff   102B Dec  7 19:31 static
drwxr-xr-x   7 ruoyanqin  staff   238B Dec  7 20:45 templates
(lgcenv)ruoyanqin ~/Developer/librarymonitor$ python manage.py runserver
Validating models...

0 errors found
December 19, 2015 - 13:14:35
Django version 1.6.1, using settings 'librarymonitor.settings'
Starting development server at http://127.0.0.1:8000/
Quit the server with CONTROL-C.
Traceback (most recent call last):
  File "/System/Library/Frameworks/Python.framework/Versions/2.7/lib/python2.7/wsgiref/handlers.py", line 85, in run
    self.result = application(self.environ, self.start_response)
  File "/Users/ruoyanqin/.virtualenvs/lgcenv/lib/python2.7/site-packages/django/contrib/staticfiles/handlers.py", line 67, in __call__
    return self.application(environ, start_response)
  File "/Users/ruoyanqin/.virtualenvs/lgcenv/lib/python2.7/site-packages/django/core/handlers/wsgi.py", line 187, in __call__
    self.load_middleware()
  File "/Users/ruoyanqin/.virtualenvs/lgcenv/lib/python2.7/site-packages/django/core/handlers/base.py", line 47, in load_middleware
    mw_class = import_by_path(middleware_path)
  File "/Users/ruoyanqin/.virtualenvs/lgcenv/lib/python2.7/site-packages/django/utils/module_loading.py", line 31, in import_by_path
    error_prefix, module_path, class_name))
ImproperlyConfigured: Module "django.contrib.auth.middleware" does not define a "SessionAuthenticationMiddleware" attribute/class
[19/Dec/2015 13:14:42] "GET / HTTP/1.1" 500 59
^C(lgcenv)ruoyanqin ~/Developer/librarymonitor$ ls
total 168
drwxr-xr-x  17 ruoyanqin  staff   578B Dec 11 16:56 .
drwxr-xr-x  15 ruoyanqin  staff   510B Dec 19 08:07 ..
-rw-r--r--@  1 ruoyanqin  staff   8.0K Dec 19 08:12 .DS_Store
drwxr-xr-x  15 ruoyanqin  staff   510B Dec  8 17:04 .git
-rw-r--r--   1 ruoyanqin  staff    95B Dec  7 21:27 .gitignore
-rw-r--r--   1 ruoyanqin  staff   484B Dec  8 16:49 README.md
drwxr-xr-x   6 ruoyanqin  staff   204B Dec  8 16:46 arduino_library
-rw-r--r--   1 ruoyanqin  staff    39K Dec 11 16:56 db.sqlite3
drwxr-xr-x  11 ruoyanqin  staff   374B Dec 19 08:14 doorsensor
drwxr-xr-x   4 ruoyanqin  staff   136B Dec  7 19:12 functional_tests
drwxr-xr-x  11 ruoyanqin  staff   374B Dec 19 08:14 librarymonitor
-rw-r--r--   1 ruoyanqin  staff   243B Dec  7 18:48 librarymonitor.sublime-project
-rw-r--r--   1 ruoyanqin  staff    15K Dec  8 19:12 librarymonitor.sublime-workspace
-rwxr-xr-x   1 ruoyanqin  staff   257B Dec  7 18:31 manage.py
drwxr-xr-x   6 ruoyanqin  staff   204B Dec  7 18:49 project_static
drwxr-xr-x   3 ruoyanqin  staff   102B Dec  7 19:31 static
drwxr-xr-x   7 ruoyanqin  staff   238B Dec  7 20:45 templates
(lgcenv)ruoyanqin ~/Developer/librarymonitor$ python manage.py runserver
Validating models...

0 errors found
December 19, 2015 - 13:15:18
Django version 1.6.1, using settings 'librarymonitor.settings'
Starting development server at http://127.0.0.1:8000/
Quit the server with CONTROL-C.
Traceback (most recent call last):
  File "/System/Library/Frameworks/Python.framework/Versions/2.7/lib/python2.7/wsgiref/handlers.py", line 85, in run
    self.result = application(self.environ, self.start_response)
  File "/Users/ruoyanqin/.virtualenvs/lgcenv/lib/python2.7/site-packages/django/contrib/staticfiles/handlers.py", line 67, in __call__
    return self.application(environ, start_response)
  File "/Users/ruoyanqin/.virtualenvs/lgcenv/lib/python2.7/site-packages/django/core/handlers/wsgi.py", line 187, in __call__
    self.load_middleware()
  File "/Users/ruoyanqin/.virtualenvs/lgcenv/lib/python2.7/site-packages/django/core/handlers/base.py", line 47, in load_middleware
    mw_class = import_by_path(middleware_path)
  File "/Users/ruoyanqin/.virtualenvs/lgcenv/lib/python2.7/site-packages/django/utils/module_loading.py", line 31, in import_by_path
    error_prefix, module_path, class_name))
ImproperlyConfigured: Module "django.contrib.auth.middleware" does not define a "SessionAuthenticationMiddleware" attribute/class
[19/Dec/2015 13:15:21] "GET / HTTP/1.1" 500 59
Traceback (most recent call last):
  File "/System/Library/Frameworks/Python.framework/Versions/2.7/lib/python2.7/wsgiref/handlers.py", line 85, in run
    self.result = application(self.environ, self.start_response)
  File "/Users/ruoyanqin/.virtualenvs/lgcenv/lib/python2.7/site-packages/django/contrib/staticfiles/handlers.py", line 67, in __call__
    return self.application(environ, start_response)
  File "/Users/ruoyanqin/.virtualenvs/lgcenv/lib/python2.7/site-packages/django/core/handlers/wsgi.py", line 187, in __call__
    self.load_middleware()
  File "/Users/ruoyanqin/.virtualenvs/lgcenv/lib/python2.7/site-packages/django/core/handlers/base.py", line 47, in load_middleware
    mw_class = import_by_path(middleware_path)
  File "/Users/ruoyanqin/.virtualenvs/lgcenv/lib/python2.7/site-packages/django/utils/module_loading.py", line 31, in import_by_path
    error_prefix, module_path, class_name))
ImproperlyConfigured: Module "django.contrib.auth.middleware" does not define a "SessionAuthenticationMiddleware" attribute/class
[19/Dec/2015 13:15:31] "GET / HTTP/1.1" 500 59
Traceback (most recent call last):
  File "/System/Library/Frameworks/Python.framework/Versions/2.7/lib/python2.7/wsgiref/handlers.py", line 85, in run
    self.result = application(self.environ, self.start_response)
  File "/Users/ruoyanqin/.virtualenvs/lgcenv/lib/python2.7/site-packages/django/contrib/staticfiles/handlers.py", line 67, in __call__
    return self.application(environ, start_response)
  File "/Users/ruoyanqin/.virtualenvs/lgcenv/lib/python2.7/site-packages/django/core/handlers/wsgi.py", line 187, in __call__
    self.load_middleware()
  File "/Users/ruoyanqin/.virtualenvs/lgcenv/lib/python2.7/site-packages/django/core/handlers/base.py", line 47, in load_middleware
    mw_class = import_by_path(middleware_path)
  File "/Users/ruoyanqin/.virtualenvs/lgcenv/lib/python2.7/site-packages/django/utils/module_loading.py", line 31, in import_by_path
    error_prefix, module_path, class_name))
ImproperlyConfigured: Module "django.contrib.auth.middleware" does not define a "SessionAuthenticationMiddleware" attribute/class
[19/Dec/2015 13:15:37] "GET /sensor?data=out HTTP/1.1" 500 59
^C(lgcenv)ruoyanqin ~/Developer/librarymonitor$ workon TDDPython
(TDDPython)ruoyanqin ~/Developer/librarymonitor$ python manage.py runserver
Performing system checks...

System check identified no issues (0 silenced).
December 19, 2015 - 13:16:59
Django version 1.8.7, using settings 'librarymonitor.settings'
Starting development server at http://127.0.0.1:8000/
Quit the server with CONTROL-C.
[19/Dec/2015 13:17:04] "GET / HTTP/1.1" 200 2608
[19/Dec/2015 13:17:04] "GET /static/css/cover.css HTTP/1.1" 200 2531
[19/Dec/2015 13:17:04] "GET /static/js/bootstrap.min.js HTTP/1.1" 200 36816
[19/Dec/2015 13:17:04] "GET /static/css/bootstrap.min.css HTTP/1.1" 200 122540
[19/Dec/2015 13:17:05] "GET /static/img/uris_lib.jpg HTTP/1.1" 200 591459
[19/Dec/2015 13:17:48] "GET /sensor HTTP/1.1" 200 2675
^C(TDDPython)ruoyanqin ~/Developer/librarymonitor$ cd ..
(TDDPython)ruoyanqin ~/Developer$ ls
total 24
drwxr-xr-x  14 ruoyanqin  staff   476B Dec 19 08:20 .
drwxr-xr-x+ 37 ruoyanqin  staff   1.2K Dec 18 16:43 ..
-rw-r--r--@  1 ruoyanqin  staff    10K Dec 19 08:20 .DS_Store
drwxr-xr-x  14 ruoyanqin  staff   476B Jun 15  2015 C
drwxr-xr-x   8 ruoyanqin  staff   272B May 31  2015 C++
drwxr-xr-x  21 ruoyanqin  staff   714B Dec  6 13:01 CS2800
drwxr-xr-x   6 ruoyanqin  staff   204B Dec  7 18:28 TDDPython
drwxr-xr-x   5 ruoyanqin  staff   170B Nov 29 15:38 campus-connection2
drwxr-xr-x  22 ruoyanqin  staff   748B Nov  8 12:51 cs193
drwxr-xr-x   6 ruoyanqin  staff   204B Nov  6 10:50 gitPlayground
drwxr-xr-x  17 ruoyanqin  staff   578B Dec 11 16:56 librarymonitor
drwxr-xr-x  18 ruoyanqin  staff   612B Nov 29 17:03 myWebProjects
drwxr-xr-x  16 ruoyanqin  staff   544B Dec  1 09:11 neon_workspace
drwxr-xr-x  26 ruoyanqin  staff   884B Nov  8 13:03 python
(TDDPython)ruoyanqin ~/Developer$ django-admin.py startproject lgc
(TDDPython)ruoyanqin ~/Developer$ ls
total 32
drwxr-xr-x  15 ruoyanqin  staff   510B Dec 19 08:20 .
drwxr-xr-x+ 37 ruoyanqin  staff   1.2K Dec 18 16:43 ..
-rw-r--r--@  1 ruoyanqin  staff    12K Dec 19 08:20 .DS_Store
drwxr-xr-x  14 ruoyanqin  staff   476B Jun 15  2015 C
drwxr-xr-x   8 ruoyanqin  staff   272B May 31  2015 C++
drwxr-xr-x  21 ruoyanqin  staff   714B Dec  6 13:01 CS2800
drwxr-xr-x   6 ruoyanqin  staff   204B Dec  7 18:28 TDDPython
drwxr-xr-x   5 ruoyanqin  staff   170B Nov 29 15:38 campus-connection2
drwxr-xr-x  22 ruoyanqin  staff   748B Nov  8 12:51 cs193
drwxr-xr-x   6 ruoyanqin  staff   204B Nov  6 10:50 gitPlayground
drwxr-xr-x   4 ruoyanqin  staff   136B Dec 19 08:20 lgc
drwxr-xr-x  17 ruoyanqin  staff   578B Dec 11 16:56 librarymonitor
drwxr-xr-x  18 ruoyanqin  staff   612B Nov 29 17:03 myWebProjects
drwxr-xr-x  16 ruoyanqin  staff   544B Dec  1 09:11 neon_workspace
drwxr-xr-x  26 ruoyanqin  staff   884B Nov  8 13:03 python
(TDDPython)ruoyanqin ~/Developer$ cd lgc
(TDDPython)ruoyanqin ~/Developer/lgc$ ls
total 8
drwxr-xr-x   4 ruoyanqin  staff   136B Dec 19 08:20 .
drwxr-xr-x  15 ruoyanqin  staff   510B Dec 19 08:20 ..
drwxr-xr-x   6 ruoyanqin  staff   204B Dec 19 08:20 lgc
-rwxr-xr-x   1 ruoyanqin  staff   246B Dec 19 08:20 manage.py
(TDDPython)ruoyanqin ~/Developer/lgc$ python manage.py test
Creating test database for alias 'default'...
........
----------------------------------------------------------------------
Ran 8 tests in 24.591s

OK
Destroying test database for alias 'default'...
(TDDPython)ruoyanqin ~/Developer/lgc$ python manage.py runserver
Performing system checks...

System check identified no issues (0 silenced).

You have unapplied migrations; your app may not work properly until they are applied.
Run 'python manage.py migrate' to apply them.

December 19, 2015 - 13:27:31
Django version 1.8.7, using settings 'lgc.settings'
Starting development server at http://127.0.0.1:8000/
Quit the server with CONTROL-C.
^C(TDDPython)ruoyanqin ~/Developer/lgc$ python manage.py makemigrations
No changes detected
(TDDPython)ruoyanqin ~/Developer/lgc$ python manage.py migrate
Operations to perform:
  Synchronize unmigrated apps: staticfiles, messages
  Apply all migrations: admin, doorsensor, contenttypes, sessions, auth
Synchronizing apps without migrations:
  Creating tables...
    Running deferred SQL...
  Installing custom SQL...
Running migrations:
  Rendering model states... DONE
  Applying contenttypes.0001_initial... OK
  Applying auth.0001_initial... OK
  Applying admin.0001_initial... OK
  Applying contenttypes.0002_remove_content_type_name... OK
  Applying auth.0002_alter_permission_name_max_length... OK
  Applying auth.0003_alter_user_email_max_length... OK
  Applying auth.0004_alter_user_username_opts... OK
  Applying auth.0005_alter_user_last_login_null... OK
  Applying auth.0006_require_contenttypes_0002... OK
  Applying doorsensor.0001_initial... OK
  Applying doorsensor.0002_walkout... OK
  Applying sessions.0001_initial... OK
(TDDPython)ruoyanqin ~/Developer/lgc$ python manage.py runserver
Performing system checks...

System check identified no issues (0 silenced).
December 19, 2015 - 13:27:54
Django version 1.8.7, using settings 'lgc.settings'
Starting development server at http://127.0.0.1:8000/
Quit the server with CONTROL-C.
[19/Dec/2015 13:28:13] "GET / HTTP/1.1" 200 2608
[19/Dec/2015 13:28:14] "GET /static/css/cover.css HTTP/1.1" 200 2531
[19/Dec/2015 13:28:14] "GET /static/js/bootstrap.min.js HTTP/1.1" 200 36816
[19/Dec/2015 13:28:14] "GET /static/css/bootstrap.min.css HTTP/1.1" 200 122540
[19/Dec/2015 13:28:15] "GET /static/img/uris_lib.jpg HTTP/1.1" 200 591459
[19/Dec/2015 13:28:17] "GET /sensor HTTP/1.1" 200 2675
^Cw(TDDPython)ruoyanqin ~/Developer/lgc$ cd ..
(TDDPython)ruoyanqin ~/Developer$ ls
total 32
drwxr-xr-x  15 ruoyanqin  staff   510B Dec 19 08:20 .
drwxr-xr-x+ 37 ruoyanqin  staff   1.2K Dec 18 16:43 ..
-rw-r--r--@  1 ruoyanqin  staff    12K Dec 20 13:19 .DS_Store
drwxr-xr-x  14 ruoyanqin  staff   476B Jun 15  2015 C
drwxr-xr-x   8 ruoyanqin  staff   272B May 31  2015 C++
drwxr-xr-x  21 ruoyanqin  staff   714B Dec  6 13:01 CS2800
drwxr-xr-x   6 ruoyanqin  staff   204B Dec  7 18:28 TDDPython
drwxr-xr-x   5 ruoyanqin  staff   170B Nov 29 15:38 campus-connection2
drwxr-xr-x  22 ruoyanqin  staff   748B Nov  8 12:51 cs193
drwxr-xr-x   6 ruoyanqin  staff   204B Nov  6 10:50 gitPlayground
drwxr-xr-x  11 ruoyanqin  staff   374B Dec 19 08:27 lgc
drwxr-xr-x  17 ruoyanqin  staff   578B Dec 11 16:56 librarymonitor
drwxr-xr-x  18 ruoyanqin  staff   612B Nov 29 17:03 myWebProjects
drwxr-xr-x  16 ruoyanqin  staff   544B Dec  1 09:11 neon_workspace
drwxr-xr-x  26 ruoyanqin  staff   884B Nov  8 13:03 python
(TDDPython)ruoyanqin ~/Developer$ cd startbootstrap-grayscale-1.0.5/
(TDDPython)ruoyanqin ~/Developer/startbootstrap-grayscale-1.0.5$ python manage.py runserver
python: can't open file 'manage.py': [Errno 2] No such file or directory
(TDDPython)ruoyanqin ~/Developer/startbootstrap-grayscale-1.0.5$ ls
total 64
drwxr-xr-x@ 12 ruoyanqin  staff   408B Dec 20 13:18 .
drwxr-xr-x  16 ruoyanqin  staff   544B Dec 20 13:22 ..
-rw-r--r--@  1 ruoyanqin  staff   6.0K Dec 20 13:18 .DS_Store
-rwxr-xr-x@  1 ruoyanqin  staff    11K Nov 28 10:15 LICENSE
-rwxr-xr-x@  1 ruoyanqin  staff   1.5K Nov 28 10:15 README.md
drwxr-xr-x@  6 ruoyanqin  staff   204B Dec 20 13:18 css
drwxr-xr-x@  6 ruoyanqin  staff   204B Nov 28 10:15 font-awesome
drwxr-xr-x@  7 ruoyanqin  staff   238B Nov 28 10:15 fonts
drwxr-xr-x@  5 ruoyanqin  staff   170B Nov 28 10:15 img
-rwxr-xr-x@  1 ruoyanqin  staff   7.1K Nov 28 10:15 index.html
drwxr-xr-x@  7 ruoyanqin  staff   238B Nov 28 10:15 js
drwxr-xr-x@  5 ruoyanqin  staff   170B Nov 28 10:15 less
(TDDPython)ruoyanqin ~/Developer/startbootstrap-grayscale-1.0.5$ less README.md 
(TDDPython)ruoyanqin ~/Developer/startbootstrap-grayscale-1.0.5$ cd ..
(TDDPython)ruoyanqin ~/Developer$ cd lgc/
(TDDPython)ruoyanqin ~/Developer/lgc$ ls
total 112
drwxr-xr-x  11 ruoyanqin  staff   374B Dec 19 08:27 .
drwxr-xr-x  16 ruoyanqin  staff   544B Dec 20 13:22 ..
-rw-r--r--@  1 ruoyanqin  staff   8.0K Dec 20 13:28 .DS_Store
-rw-r--r--   1 ruoyanqin  staff    39K Dec 19 08:27 db.sqlite3
drwxr-xr-x  11 ruoyanqin  staff   374B Dec 19 08:14 doorsensor
drwxr-xr-x   5 ruoyanqin  staff   170B Dec 19 08:26 functional_tests
drwxr-xr-x  10 ruoyanqin  staff   340B Dec 19 08:26 lgc
-rwxr-xr-x   1 ruoyanqin  staff   246B Dec 19 08:20 manage.py
drwxr-xr-x  10 ruoyanqin  staff   340B Dec 20 13:27 project_static
drwxr-xr-x   3 ruoyanqin  staff   102B Dec  7 19:31 static
drwxr-xr-x   9 ruoyanqin  staff   306B Dec 20 13:28 templates
(TDDPython)ruoyanqin ~/Developer/lgc$ python manage.py runserver
Performing system checks...

System check identified no issues (0 silenced).
December 20, 2015 - 18:29:41
Django version 1.8.7, using settings 'lgc.settings'
Starting development server at http://127.0.0.1:8000/
Quit the server with CONTROL-C.
[20/Dec/2015 18:29:47] "GET / HTTP/1.1" 500 70008
Performing system checks...

System check identified no issues (0 silenced).
December 20, 2015 - 18:32:30
Django version 1.8.7, using settings 'lgc.settings'
Starting development server at http://127.0.0.1:8000/
Quit the server with CONTROL-C.
[20/Dec/2015 18:32:37] "GET / HTTP/1.1" 500 80978
[20/Dec/2015 18:34:03] "GET / HTTP/1.1" 500 80978
[20/Dec/2015 18:34:34] "GET / HTTP/1.1" 200 7291
[20/Dec/2015 18:34:34] "GET /css/bootstrap.min.css HTTP/1.1" 404 2329
[20/Dec/2015 18:34:34] "GET /font-awesome/css/font-awesome.min.css HTTP/1.1" 404 2377
[20/Dec/2015 18:34:34] "GET /css/grayscale.css HTTP/1.1" 404 2317
[20/Dec/2015 18:34:34] "GET /js/jquery.easing.min.js HTTP/1.1" 404 2335
[20/Dec/2015 18:34:34] "GET /js/grayscale.js HTTP/1.1" 404 2311
[20/Dec/2015 18:34:34] "GET /js/jquery.js HTTP/1.1" 404 2302
[20/Dec/2015 18:34:34] "GET /js/bootstrap.min.js HTTP/1.1" 404 2323
[20/Dec/2015 18:39:43] "GET / HTTP/1.1" 500 87730
Performing system checks...

System check identified no issues (0 silenced).
December 20, 2015 - 18:40:00
Django version 1.8.7, using settings 'lgc.settings'
Starting development server at http://127.0.0.1:8000/
Quit the server with CONTROL-C.
[20/Dec/2015 18:40:01] "GET / HTTP/1.1" 200 7118
[20/Dec/2015 18:40:01] "GET /js/jquery.js HTTP/1.1" 404 2302
[20/Dec/2015 18:40:01] "GET /js/bootstrap.min.js HTTP/1.1" 404 2323
[20/Dec/2015 18:40:01] "GET /static/css/cover.css HTTP/1.1" 200 2531
[20/Dec/2015 18:40:01] "GET /js/jquery.easing.min.js HTTP/1.1" 404 2335
[20/Dec/2015 18:40:01] "GET /js/grayscale.js HTTP/1.1" 404 2311
[20/Dec/2015 18:40:01] "GET /static/css/grayscale.css HTTP/1.1" 200 7122
[20/Dec/2015 18:40:01] "GET /static/font-awesome/css/font-awesome.min.css HTTP/1.1" 200 21984
[20/Dec/2015 18:40:01] "GET /static/css/bootstrap.min.css HTTP/1.1" 200 121260
[20/Dec/2015 18:40:01] "GET /static/img/downloads-bg.jpg HTTP/1.1" 200 110981
[20/Dec/2015 18:40:01] "GET /static/img/intro-bg.jpg HTTP/1.1" 200 88321
Performing system checks...

System check identified no issues (0 silenced).
December 20, 2015 - 18:41:35
Django version 1.8.7, using settings 'lgc.settings'
Starting development server at http://127.0.0.1:8000/
Quit the server with CONTROL-C.
[20/Dec/2015 18:41:36] "GET / HTTP/1.1" 200 7054
[20/Dec/2015 18:41:36] "GET /js/jquery.easing.min.js HTTP/1.1" 404 2335
[20/Dec/2015 18:41:36] "GET /js/bootstrap.min.js HTTP/1.1" 404 2323
[20/Dec/2015 18:41:36] "GET /static/css/bootstrap.min.css HTTP/1.1" 304 0
[20/Dec/2015 18:41:36] "GET /js/jquery.js HTTP/1.1" 404 2302
[20/Dec/2015 18:41:36] "GET /static/css/cover.css HTTP/1.1" 304 0
[20/Dec/2015 18:41:36] "GET /static/css/grayscale.css HTTP/1.1" 304 0
[20/Dec/2015 18:41:36] "GET /static/font-awesome/css/font-awesome.min.css HTTP/1.1" 304 0
[20/Dec/2015 18:41:36] "GET /js/grayscale.js HTTP/1.1" 404 2311
[20/Dec/2015 18:41:37] "GET /static/img/intro-bg.jpg HTTP/1.1" 304 0
[20/Dec/2015 18:41:37] "GET /static/img/downloads-bg.jpg HTTP/1.1" 304 0
[20/Dec/2015 18:43:37] "GET / HTTP/1.1" 200 6926
[20/Dec/2015 18:43:37] "GET /static/css/bootstrap.min.css HTTP/1.1" 304 0
[20/Dec/2015 18:43:37] "GET /js/jquery.js HTTP/1.1" 404 2302
[20/Dec/2015 18:43:37] "GET /js/bootstrap.min.js HTTP/1.1" 404 2323
[20/Dec/2015 18:43:37] "GET /static/css/grayscale.css HTTP/1.1" 304 0
[20/Dec/2015 18:43:37] "GET /static/css/cover.css HTTP/1.1" 304 0
[20/Dec/2015 18:43:37] "GET /static/font-awesome/css/font-awesome.min.css HTTP/1.1" 304 0
[20/Dec/2015 18:43:37] "GET /js/jquery.easing.min.js HTTP/1.1" 404 2335
[20/Dec/2015 18:43:37] "GET /js/grayscale.js HTTP/1.1" 404 2311
[20/Dec/2015 18:43:37] "GET /static/img/intro-bg.jpg HTTP/1.1" 304 0
[20/Dec/2015 18:43:37] "GET /static/img/downloads-bg.jpg HTTP/1.1" 304 0
[20/Dec/2015 18:45:09] "GET / HTTP/1.1" 200 6930
[20/Dec/2015 18:45:10] "GET /static/css/grayscale.css HTTP/1.1" 304 0
[20/Dec/2015 18:45:10] "GET /js/grayscale.js HTTP/1.1" 404 2311
[20/Dec/2015 18:45:10] "GET /static/css/cover.css HTTP/1.1" 304 0
[20/Dec/2015 18:45:10] "GET /static/css/bootstrap.min.css HTTP/1.1" 304 0
[20/Dec/2015 18:45:10] "GET /static/font-awesome/css/font-awesome.min.css HTTP/1.1" 304 0
[20/Dec/2015 18:45:10] "GET /js/jquery.js HTTP/1.1" 404 2302
[20/Dec/2015 18:45:10] "GET /js/bootstrap.min.js HTTP/1.1" 404 2323
[20/Dec/2015 18:45:10] "GET /js/jquery.easing.min.js HTTP/1.1" 404 2335
[20/Dec/2015 18:45:10] "GET /static/img/intro-bg.jpg HTTP/1.1" 304 0
[20/Dec/2015 18:45:10] "GET /static/img/downloads-bg.jpg HTTP/1.1" 304 0
[20/Dec/2015 18:50:23] "GET / HTTP/1.1" 200 6930
[20/Dec/2015 18:50:23] "GET /static/css/bootstrap.min.css HTTP/1.1" 304 0
[20/Dec/2015 18:50:23] "GET /js/bootstrap.min.js HTTP/1.1" 404 2323
[20/Dec/2015 18:50:23] "GET /static/css/grayscale.css HTTP/1.1" 200 7124
[20/Dec/2015 18:50:23] "GET /js/jquery.js HTTP/1.1" 404 2302
[20/Dec/2015 18:50:23] "GET /static/css/cover.css HTTP/1.1" 304 0
[20/Dec/2015 18:50:23] "GET /static/font-awesome/css/font-awesome.min.css HTTP/1.1" 304 0
[20/Dec/2015 18:50:23] "GET /js/jquery.easing.min.js HTTP/1.1" 404 2335
[20/Dec/2015 18:50:23] "GET /js/grayscale.js HTTP/1.1" 404 2311
[20/Dec/2015 18:50:23] "GET /static/img/downloads-bg.jpg HTTP/1.1" 304 0
[20/Dec/2015 18:50:24] "GET /static/img/homepage_6.jpg HTTP/1.1" 200 9504392
[20/Dec/2015 18:50:59] "GET / HTTP/1.1" 200 6930
[20/Dec/2015 18:51:00] "GET /js/jquery.easing.min.js HTTP/1.1" 404 2335
[20/Dec/2015 18:51:00] "GET /js/jquery.js HTTP/1.1" 404 2302
[20/Dec/2015 18:51:00] "GET /static/css/cover.css HTTP/1.1" 304 0
[20/Dec/2015 18:51:00] "GET /static/css/bootstrap.min.css HTTP/1.1" 304 0
[20/Dec/2015 18:51:00] "GET /js/grayscale.js HTTP/1.1" 404 2311
[20/Dec/2015 18:51:00] "GET /js/bootstrap.min.js HTTP/1.1" 404 2323
[20/Dec/2015 18:51:00] "GET /static/css/grayscale.css HTTP/1.1" 200 7124
[20/Dec/2015 18:51:00] "GET /static/font-awesome/css/font-awesome.min.css HTTP/1.1" 304 0
[20/Dec/2015 18:51:00] "GET /static/img/downloads-bg.jpg HTTP/1.1" 304 0
[20/Dec/2015 18:51:00] "GET /static/img/homepage_0.jpg HTTP/1.1" 200 9658613
[20/Dec/2015 18:54:39] "GET / HTTP/1.1" 200 6930
[20/Dec/2015 18:54:39] "GET /js/grayscale.js HTTP/1.1" 404 2311
[20/Dec/2015 18:54:39] "GET /js/bootstrap.min.js HTTP/1.1" 404 2323
[20/Dec/2015 18:54:39] "GET /js/jquery.easing.min.js HTTP/1.1" 404 2335
[20/Dec/2015 18:54:39] "GET /js/jquery.js HTTP/1.1" 404 2302
[20/Dec/2015 18:54:39] "GET /static/css/grayscale.css HTTP/1.1" 200 7121
[20/Dec/2015 18:56:36] "GET / HTTP/1.1" 200 6930
[20/Dec/2015 18:56:36] "GET /static/css/bootstrap.min.css HTTP/1.1" 304 0
[20/Dec/2015 18:56:36] "GET /static/css/cover.css HTTP/1.1" 304 0
[20/Dec/2015 18:56:37] "GET /js/jquery.js HTTP/1.1" 404 2302
[20/Dec/2015 18:56:37] "GET /static/font-awesome/css/font-awesome.min.css HTTP/1.1" 304 0
[20/Dec/2015 18:56:37] "GET /js/bootstrap.min.js HTTP/1.1" 404 2323
[20/Dec/2015 18:56:37] "GET /static/css/grayscale.css HTTP/1.1" 200 7156
[20/Dec/2015 18:56:37] "GET /js/jquery.easing.min.js HTTP/1.1" 404 2335
[20/Dec/2015 18:56:37] "GET /js/grayscale.js HTTP/1.1" 404 2311
[20/Dec/2015 18:56:37] "GET /static/img/homepage_0.jpg HTTP/1.1" 304 0
[20/Dec/2015 18:56:37] "GET /static/img/downloads-bg.jpg HTTP/1.1" 304 0
[20/Dec/2015 18:57:11] "GET / HTTP/1.1" 200 6930
[20/Dec/2015 18:57:12] "GET /static/css/bootstrap.min.css HTTP/1.1" 304 0
[20/Dec/2015 18:57:12] "GET /static/css/cover.css HTTP/1.1" 304 0
[20/Dec/2015 18:57:12] "GET /js/bootstrap.min.js HTTP/1.1" 404 2323
[20/Dec/2015 18:57:12] "GET /js/grayscale.js HTTP/1.1" 404 2311
[20/Dec/2015 18:57:12] "GET /static/css/grayscale.css HTTP/1.1" 200 7190
[20/Dec/2015 18:57:12] "GET /js/jquery.easing.min.js HTTP/1.1" 404 2335
[20/Dec/2015 18:57:12] "GET /static/font-awesome/css/font-awesome.min.css HTTP/1.1" 304 0
[20/Dec/2015 18:57:12] "GET /js/jquery.js HTTP/1.1" 404 2302
[20/Dec/2015 18:57:12] "GET /static/img/downloads-bg.jpg HTTP/1.1" 304 0
[20/Dec/2015 18:57:12] "GET /static/img/homepage_0.jpg HTTP/1.1" 304 0
[20/Dec/2015 18:57:29] "GET / HTTP/1.1" 200 6930
[20/Dec/2015 18:57:29] "GET /js/jquery.js HTTP/1.1" 404 2302
[20/Dec/2015 18:57:29] "GET /static/css/grayscale.css HTTP/1.1" 200 7139
[20/Dec/2015 18:57:29] "GET /static/css/bootstrap.min.css HTTP/1.1" 304 0
[20/Dec/2015 18:57:29] "GET /static/css/cover.css HTTP/1.1" 304 0
[20/Dec/2015 18:57:29] "GET /static/font-awesome/css/font-awesome.min.css HTTP/1.1" 304 0
[20/Dec/2015 18:57:29] "GET /js/jquery.easing.min.js HTTP/1.1" 404 2335
[20/Dec/2015 18:57:29] "GET /js/bootstrap.min.js HTTP/1.1" 404 2323
[20/Dec/2015 18:57:29] "GET /js/grayscale.js HTTP/1.1" 404 2311
[20/Dec/2015 18:57:29] "GET /static/img/homepage_0.jpg HTTP/1.1" 304 0
[20/Dec/2015 18:57:29] "GET /static/img/downloads-bg.jpg HTTP/1.1" 304 0
[20/Dec/2015 18:57:52] "GET /static/css/grayscale.css HTTP/1.1" 304 0
[20/Dec/2015 18:57:52] "GET /static/css/bootstrap.min.css.map HTTP/1.1" 404 1688
[20/Dec/2015 18:58:28] "GET / HTTP/1.1" 200 6930
[20/Dec/2015 18:58:28] "GET /static/css/grayscale.css HTTP/1.1" 200 7175
[20/Dec/2015 18:58:28] "GET /static/css/bootstrap.min.css HTTP/1.1" 304 0
[20/Dec/2015 18:58:28] "GET /js/jquery.js HTTP/1.1" 404 2302
[20/Dec/2015 18:58:28] "GET /static/css/cover.css HTTP/1.1" 304 0
[20/Dec/2015 18:58:28] "GET /static/font-awesome/css/font-awesome.min.css HTTP/1.1" 304 0
[20/Dec/2015 18:58:28] "GET /js/bootstrap.min.js HTTP/1.1" 404 2323
[20/Dec/2015 18:58:28] "GET /js/jquery.easing.min.js HTTP/1.1" 404 2335
[20/Dec/2015 18:58:28] "GET /js/grayscale.js HTTP/1.1" 404 2311
[20/Dec/2015 18:58:29] "GET /static/img/homepage_0.jpg HTTP/1.1" 304 0
[20/Dec/2015 18:58:29] "GET /static/img/downloads-bg.jpg HTTP/1.1" 304 0
[20/Dec/2015 18:58:29] "GET /static/css/bootstrap.min.css.map HTTP/1.1" 404 1688
[20/Dec/2015 18:58:55] "GET / HTTP/1.1" 200 6930
[20/Dec/2015 18:58:56] "GET /js/bootstrap.min.js HTTP/1.1" 404 2323
[20/Dec/2015 18:58:56] "GET /js/jquery.js HTTP/1.1" 404 2302
[20/Dec/2015 18:58:56] "GET /static/font-awesome/css/font-awesome.min.css HTTP/1.1" 304 0
[20/Dec/2015 18:58:56] "GET /static/css/cover.css HTTP/1.1" 304 0
[20/Dec/2015 18:58:56] "GET /static/css/grayscale.css HTTP/1.1" 200 7193
[20/Dec/2015 18:58:56] "GET /static/css/bootstrap.min.css HTTP/1.1" 304 0
[20/Dec/2015 18:58:56] "GET /js/jquery.easing.min.js HTTP/1.1" 404 2335
[20/Dec/2015 18:58:56] "GET /js/grayscale.js HTTP/1.1" 404 2311
[20/Dec/2015 18:58:56] "GET /static/img/downloads-bg.jpg HTTP/1.1" 304 0
[20/Dec/2015 18:58:56] "GET /static/img/homepage_0.jpg HTTP/1.1" 304 0
[20/Dec/2015 18:59:12] "GET / HTTP/1.1" 200 6930
[20/Dec/2015 18:59:13] "GET /js/jquery.js HTTP/1.1" 404 2302
[20/Dec/2015 18:59:13] "GET /static/css/cover.css HTTP/1.1" 304 0
[20/Dec/2015 18:59:13] "GET /js/bootstrap.min.js HTTP/1.1" 404 2323
[20/Dec/2015 18:59:13] "GET /static/css/bootstrap.min.css HTTP/1.1" 304 0
[20/Dec/2015 18:59:13] "GET /static/font-awesome/css/font-awesome.min.css HTTP/1.1" 304 0
[20/Dec/2015 18:59:13] "GET /static/css/grayscale.css HTTP/1.1" 200 7245
[20/Dec/2015 18:59:13] "GET /js/jquery.easing.min.js HTTP/1.1" 404 2335
[20/Dec/2015 18:59:13] "GET /js/grayscale.js HTTP/1.1" 404 2311
[20/Dec/2015 18:59:13] "GET /static/img/homepage_0.jpg HTTP/1.1" 304 0
[20/Dec/2015 18:59:13] "GET /static/img/downloads-bg.jpg HTTP/1.1" 304 0
[20/Dec/2015 19:16:02] "GET / HTTP/1.1" 200 6979
[20/Dec/2015 19:16:03] "GET /js/jquery.js HTTP/1.1" 404 2302
[20/Dec/2015 19:16:03] "GET /static/css/grayscale.css HTTP/1.1" 200 7185
[20/Dec/2015 19:16:03] "GET /static/css/bootstrap.min.css HTTP/1.1" 304 0
[20/Dec/2015 19:16:03] "GET /static/css/cover.css HTTP/1.1" 304 0
[20/Dec/2015 19:16:03] "GET /js/grayscale.js HTTP/1.1" 404 2311
[20/Dec/2015 19:16:03] "GET /static/font-awesome/css/font-awesome.min.css HTTP/1.1" 304 0
[20/Dec/2015 19:16:03] "GET /js/bootstrap.min.js HTTP/1.1" 404 2323
[20/Dec/2015 19:16:03] "GET /js/jquery.easing.min.js HTTP/1.1" 404 2335
[20/Dec/2015 19:16:04] "GET /static/img/downloads-bg.jpg HTTP/1.1" 304 0
[20/Dec/2015 19:16:04] "GET /static/img/homepage_0.jpg HTTP/1.1" 304 0
[20/Dec/2015 19:16:56] "GET / HTTP/1.1" 200 6960
[20/Dec/2015 19:16:56] "GET /static/css/bootstrap.min.css HTTP/1.1" 304 0
[20/Dec/2015 19:16:56] "GET /static/font-awesome/css/font-awesome.min.css HTTP/1.1" 304 0
[20/Dec/2015 19:16:56] "GET /static/css/cover.css HTTP/1.1" 304 0
[20/Dec/2015 19:16:56] "GET /js/jquery.js HTTP/1.1" 404 2302
[20/Dec/2015 19:16:56] "GET /static/css/grayscale.css HTTP/1.1" 200 7160
[20/Dec/2015 19:16:56] "GET /js/bootstrap.min.js HTTP/1.1" 404 2323
[20/Dec/2015 19:16:56] "GET /js/jquery.easing.min.js HTTP/1.1" 404 2335
[20/Dec/2015 19:16:56] "GET /js/grayscale.js HTTP/1.1" 404 2311
[20/Dec/2015 19:16:56] "GET /static/img/homepage_0.jpg HTTP/1.1" 304 0
[20/Dec/2015 19:16:56] "GET /static/img/downloads-bg.jpg HTTP/1.1" 304 0
[20/Dec/2015 19:17:20] "GET / HTTP/1.1" 200 6960
[20/Dec/2015 19:17:20] "GET /js/grayscale.js HTTP/1.1" 404 2311
[20/Dec/2015 19:17:20] "GET /static/css/bootstrap.min.css HTTP/1.1" 304 0
[20/Dec/2015 19:17:20] "GET /static/css/grayscale.css HTTP/1.1" 304 0
[20/Dec/2015 19:17:20] "GET /static/font-awesome/css/font-awesome.min.css HTTP/1.1" 304 0
[20/Dec/2015 19:17:20] "GET /static/css/cover.css HTTP/1.1" 304 0
[20/Dec/2015 19:17:20] "GET /js/jquery.js HTTP/1.1" 404 2302
[20/Dec/2015 19:17:20] "GET /js/bootstrap.min.js HTTP/1.1" 404 2323
[20/Dec/2015 19:17:20] "GET /js/jquery.easing.min.js HTTP/1.1" 404 2335
[20/Dec/2015 19:17:21] "GET /static/img/homepage_0.jpg HTTP/1.1" 304 0
[20/Dec/2015 19:17:21] "GET /static/img/downloads-bg.jpg HTTP/1.1" 304 0
[20/Dec/2015 19:17:31] "GET / HTTP/1.1" 200 6930
[20/Dec/2015 19:17:31] "GET /static/css/bootstrap.min.css HTTP/1.1" 304 0
[20/Dec/2015 19:17:31] "GET /js/bootstrap.min.js HTTP/1.1" 404 2323
[20/Dec/2015 19:17:31] "GET /static/css/grayscale.css HTTP/1.1" 304 0
[20/Dec/2015 19:17:31] "GET /js/jquery.js HTTP/1.1" 404 2302
[20/Dec/2015 19:17:31] "GET /static/font-awesome/css/font-awesome.min.css HTTP/1.1" 304 0
[20/Dec/2015 19:17:31] "GET /static/css/cover.css HTTP/1.1" 304 0
[20/Dec/2015 19:17:31] "GET /js/jquery.easing.min.js HTTP/1.1" 404 2335
[20/Dec/2015 19:17:31] "GET /js/grayscale.js HTTP/1.1" 404 2311
[20/Dec/2015 19:17:31] "GET /static/img/homepage_0.jpg HTTP/1.1" 304 0
[20/Dec/2015 19:17:31] "GET /static/img/downloads-bg.jpg HTTP/1.1" 304 0
[20/Dec/2015 19:18:25] "GET / HTTP/1.1" 200 6982
[20/Dec/2015 19:18:25] "GET /static/css/grayscale.css HTTP/1.1" 304 0
[20/Dec/2015 19:18:25] "GET /js/jquery.js HTTP/1.1" 404 2302
[20/Dec/2015 19:18:25] "GET /static/font-awesome/css/font-awesome.min.css HTTP/1.1" 304 0
[20/Dec/2015 19:18:25] "GET /js/bootstrap.min.js HTTP/1.1" 404 2323
[20/Dec/2015 19:18:25] "GET /static/css/cover.css HTTP/1.1" 304 0
[20/Dec/2015 19:18:25] "GET /js/jquery.easing.min.js HTTP/1.1" 404 2335
[20/Dec/2015 19:18:25] "GET /static/css/bootstrap.min.css HTTP/1.1" 304 0
[20/Dec/2015 19:18:25] "GET /js/grayscale.js HTTP/1.1" 404 2311
[20/Dec/2015 19:18:26] "GET /static/img/homepage_0.jpg HTTP/1.1" 304 0
[20/Dec/2015 19:18:26] "GET /static/img/downloads-bg.jpg HTTP/1.1" 304 0
[20/Dec/2015 19:20:39] "GET / HTTP/1.1" 200 6982
[20/Dec/2015 19:20:39] "GET /static/css/bootstrap.min.css HTTP/1.1" 304 0
[20/Dec/2015 19:20:39] "GET /static/font-awesome/css/font-awesome.min.css HTTP/1.1" 304 0
[20/Dec/2015 19:20:39] "GET /js/jquery.js HTTP/1.1" 404 2302
[20/Dec/2015 19:20:39] "GET /js/bootstrap.min.js HTTP/1.1" 404 2323
[20/Dec/2015 19:20:39] "GET /static/css/grayscale.css HTTP/1.1" 200 7490
[20/Dec/2015 19:20:39] "GET /static/css/cover.css HTTP/1.1" 304 0
[20/Dec/2015 19:20:39] "GET /js/jquery.easing.min.js HTTP/1.1" 404 2335
[20/Dec/2015 19:20:39] "GET /js/grayscale.js HTTP/1.1" 404 2311
[20/Dec/2015 19:20:39] "GET /static/img/homepage_0.jpg HTTP/1.1" 304 0
[20/Dec/2015 19:20:39] "GET /static/img/downloads-bg.jpg HTTP/1.1" 304 0
[20/Dec/2015 19:22:19] "GET / HTTP/1.1" 200 6982
[20/Dec/2015 19:22:20] "GET /js/jquery.easing.min.js HTTP/1.1" 404 2335
[20/Dec/2015 19:22:20] "GET /js/bootstrap.min.js HTTP/1.1" 404 2323
[20/Dec/2015 19:22:20] "GET /js/grayscale.js HTTP/1.1" 404 2311
[20/Dec/2015 19:22:20] "GET /js/jquery.js HTTP/1.1" 404 2302
[20/Dec/2015 19:22:20] "GET /static/css/grayscale.css HTTP/1.1" 200 7511
[20/Dec/2015 19:23:16] "GET / HTTP/1.1" 200 6982
[20/Dec/2015 19:23:16] "GET /static/css/bootstrap.min.css HTTP/1.1" 304 0
[20/Dec/2015 19:23:16] "GET /static/css/cover.css HTTP/1.1" 304 0
[20/Dec/2015 19:23:16] "GET /static/css/grayscale.css HTTP/1.1" 200 7511
[20/Dec/2015 19:23:16] "GET /static/font-awesome/css/font-awesome.min.css HTTP/1.1" 304 0
[20/Dec/2015 19:23:16] "GET /js/bootstrap.min.js HTTP/1.1" 404 2323
[20/Dec/2015 19:23:16] "GET /js/jquery.js HTTP/1.1" 404 2302
[20/Dec/2015 19:23:16] "GET /js/jquery.easing.min.js HTTP/1.1" 404 2335
[20/Dec/2015 19:23:16] "GET /js/grayscale.js HTTP/1.1" 404 2311
[20/Dec/2015 19:23:16] "GET /static/img/homepage_0.jpg HTTP/1.1" 304 0
[20/Dec/2015 19:23:17] "GET /static/img/downloads-bg.jpg HTTP/1.1" 304 0
[20/Dec/2015 19:26:30] "GET / HTTP/1.1" 200 6982
[20/Dec/2015 19:26:30] "GET /static/css/bootstrap.min.css HTTP/1.1" 304 0
[20/Dec/2015 19:26:30] "GET /static/css/cover.css HTTP/1.1" 304 0
[20/Dec/2015 19:26:30] "GET /static/font-awesome/css/font-awesome.min.css HTTP/1.1" 304 0
[20/Dec/2015 19:26:30] "GET /js/jquery.js HTTP/1.1" 404 2302
[20/Dec/2015 19:26:30] "GET /js/jquery.easing.min.js HTTP/1.1" 404 2335
[20/Dec/2015 19:26:30] "GET /js/bootstrap.min.js HTTP/1.1" 404 2323
[20/Dec/2015 19:26:30] "GET /static/css/grayscale.css HTTP/1.1" 200 7144
[20/Dec/2015 19:26:30] "GET /js/grayscale.js HTTP/1.1" 404 2311
[20/Dec/2015 19:26:30] "GET /static/img/homepage_0.jpg HTTP/1.1" 304 0
[20/Dec/2015 19:26:30] "GET /static/img/downloads-bg.jpg HTTP/1.1" 304 0
^C(TDDPython)ruoyanqin ~/Developer/lgc$ cd ../TDDPython/
(TDDPython)ruoyanqin ~/Developer/TDDPython$ git log --oneline
fatal: Not a git repository (or any of the parent directories): .git
(TDDPython)ruoyanqin ~/Developer/TDDPython$ ls
total 64
drwxr-xr-x   6 ruoyanqin  staff   204B Dec  7 18:28 .
drwxr-xr-x  16 ruoyanqin  staff   544B Dec 20 13:22 ..
-rw-r--r--@  1 ruoyanqin  staff   6.0K Dec 20 14:28 .DS_Store
-rw-r--r--   1 ruoyanqin  staff   243B Dec  7 09:50 TTDPython.sublime-project
-rw-r--r--   1 ruoyanqin  staff    20K Dec  7 21:17 TTDPython.sublime-workspace
drwxr-xr-x  12 ruoyanqin  staff   408B Dec  5 22:41 superlists
(TDDPython)ruoyanqin ~/Developer/TDDPython$ cd superlists/
(TDDPython)ruoyanqin ~/Developer/TDDPython/superlists$ ls
total 104
drwxr-xr-x  12 ruoyanqin  staff   408B Dec  5 22:41 .
drwxr-xr-x   6 ruoyanqin  staff   204B Dec  7 18:28 ..
drwxr-xr-x  13 ruoyanqin  staff   442B Dec  6 23:01 .git
-rw-r--r--   1 ruoyanqin  staff    29B Nov 29 10:46 .gitignore
drwxr-xr-x   3 ruoyanqin  staff   102B Dec  5 22:37 __pycache__
-rw-r--r--   1 ruoyanqin  staff    37K Dec  5 22:41 db.sqlite3
drwxr-xr-x   5 ruoyanqin  staff   170B Dec  5 22:41 functional_tests
-rw-r--r--   1 ruoyanqin  staff   1.8K Dec  5 22:34 functional_tests.py
drwxr-xr-x   9 ruoyanqin  staff   306B Nov 29 11:37 lists
-rwxr-xr-x   1 ruoyanqin  staff   253B Nov 29 10:29 manage.py
drwxr-xr-x   7 ruoyanqin  staff   238B Nov 29 10:30 superlists
drwxr-xr-x   4 ruoyanqin  staff   136B Dec  6 19:11 templates
(TDDPython)ruoyanqin ~/Developer/TDDPython/superlists$ git log --oneline
5c9e3c7 Added List to model
4a26a0f Added List to model
44854b5 Aded new_list url to deal with adding items.
4ec01fa Added new url to separate page that displays lists from home page.
db1d254 Modified functional test to add second user
d2053ff make functional_tests an app, use LiveServerTestCase
4e6dba4 Redirect after POST, and show all items in template
fd53a1b Model for list Items and associated migration
2976e09 Functional test fails because number does not appear in front of list item.
60d6410 Functional test fails because number does not appear in front of list item.
28358d7 Front page HTML now generated from a template
14ab0c6 FT now checks we can input a to-do item
55564c6 Basic view now returns minimal HTML
24f8485 FT specced out in comments, and now uses unittest.
ca70124 First commit.
(TDDPython)ruoyanqin ~/Developer/TDDPython/superlists$ python test lists
python: can't open file 'test': [Errno 2] No such file or directory
(TDDPython)ruoyanqin ~/Developer/TDDPython/superlists$ python manage.py test lists
Creating test database for alias 'default'...
.......
----------------------------------------------------------------------
Ran 7 tests in 0.398s

OK
Destroying test database for alias 'default'...
(TDDPython)ruoyanqin ~/Developer/TDDPython/superl0;0m cd ..
(TDDPython)ruoyanqin ~/Developer/TDDPython$ cd ..
(TDDPython)ruoyanqin ~/Developer$ ls
total 32
drwxr-xr-x  16 ruoyanqin  staff   544B Dec 20 13:22 .
drwxr-xr-x+ 37 ruoyanqin  staff   1.2K Dec 18 16:43 ..
-rw-r--r--@  1 ruoyanqin  staff    12K Dec 20 14:34 .DS_Store
drwxr-xr-x  14 ruoyanqin  staff   476B Jun 15  2015 C
drwxr-xr-x   8 ruoyanqin  staff   272B May 31  2015 C++
drwxr-xr-x  21 ruoyanqin  staff   714B Dec  6 13:01 CS2800
drwxr-xr-x   6 ruoyanqin  staff   204B Dec  7 18:28 TDDPython
drwxr-xr-x   5 ruoyanqin  staff   170B Nov 29 15:38 campus-connection2
drwxr-xr-x  22 ruoyanqin  staff   748B Nov  8 12:51 cs193
drwxr-xr-x   6 ruoyanqin  staff   204B Nov  6 10:50 gitPlayground
drwxr-xr-x  11 ruoyanqin  staff   374B Dec 19 08:27 lgc
drwxr-xr-x  17 ruoyanqin  staff   578B Dec 11 16:56 librarymonitor
drwxr-xr-x  18 ruoyanqin  staff   612B Nov 29 17:03 myWebProjects
drwxr-xr-x  16 ruoyanqin  staff   544B Dec  1 09:11 neon_workspace
drwxr-xr-x  26 ruoyanqin  staff   884B Nov  8 13:03 python
drwxr-xr-x@  7 ruoyanqin  staff   238B Dec 20 13:28 startbootstrap-grayscale-1.0.5
(TDDPython)ruoyanqin ~/Developer$ cd lgc/
(TDDPython)ruoyanqin ~/Developer/lgc$ l
-bash: l: command not found
(TDDPython)ruoyanqin ~/Developer/lgc$ ls
total 112
drwxr-xr-x  11 ruoyanqin  staff   374B Dec 19 08:27 .
drwxr-xr-x  16 ruoyanqin  staff   544B Dec 20 13:22 ..
-rw-r--r--@  1 ruoyanqin  staff   8.0K Dec 20 14:34 .DS_Store
-rw-r--r--   1 ruoyanqin  staff    39K Dec 19 08:27 db.sqlite3
drwxr-xr-x  11 ruoyanqin  staff   374B Dec 19 08:14 doorsensor
drwxr-xr-x   5 ruoyanqin  staff   170B Dec 19 08:26 functional_tests
drwxr-xr-x  11 ruoyanqin  staff   374B Dec 20 13:32 lgc
-rwxr-xr-x   1 ruoyanqin  staff   246B Dec 19 08:20 manage.py
drwxr-xr-x  10 ruoyanqin  staff   340B Dec 20 13:27 project_static
drwxr-xr-x   3 ruoyanqin  staff   102B Dec  7 19:31 static
drwxr-xr-x  11 ruoyanqin  staff   374B Dec 20 13:44 templates
(TDDPython)ruoyanqin ~/Developer/lgc$ python manage.py 
^CTraceback (most recent call last):
  File "manage.py", line 10, in <module>
    execute_from_command_line(sys.argv)
  File "/Users/ruoyanqin/.virtualenvs/TDDPython/lib/python3.5/site-packages/django/core/management/__init__.py", line 354, in execute_from_command_line
    utility.execute()
  File "/Users/ruoyanqin/.virtualenvs/TDDPython/lib/python3.5/site-packages/django/core/management/__init__.py", line 328, in execute
    django.setup()
  File "/Users/ruoyanqin/.virtualenvs/TDDPython/lib/python3.5/site-packages/django/__init__.py", line 15, in setup
    from django.utils.log import configure_logging
  File "/Users/ruoyanqin/.virtualenvs/TDDPython/lib/python3.5/site-packages/django/utils/log.py", line 16, in <module>
    from django.views.debug import ExceptionReporter, get_exception_reporter_filter
  File "/Users/ruoyanqin/.virtualenvs/TDDPython/lib/python3.5/site-packages/django/views/debug.py", line 9, in <module>
    from django.core.urlresolvers import Resolver404, resolve
  File "/Users/ruoyanqin/.virtualenvs/TDDPython/lib/python3.5/site-packages/django/core/urlresolvers.py", line 17, in <module>
    from django.http import Http404
  File "/Users/ruoyanqin/.virtualenvs/TDDPython/lib/python3.5/site-packages/django/http/__init__.py", line 4, in <module>
    from django.http.response import (
  File "/Users/ruoyanqin/.virtualenvs/TDDPython/lib/python3.5/site-packages/django/http/response.py", line 13, in <module>
    from django.core.serializers.json import DjangoJSONEncoder
  File "/Users/ruoyanqin/.virtualenvs/TDDPython/lib/python3.5/site-packages/django/core/serializers/__init__.py", line 24, in <module>
    from django.core.serializers.base import SerializerDoesNotExist
  File "/Users/ruoyanqin/.virtualenvs/TDDPython/lib/python3.5/site-packages/django/core/serializers/base.py", line 6, in <module>
    from django.db import models
  File "/Users/ruoyanqin/.virtualenvs/TDDPython/lib/python3.5/site-packages/django/db/models/__init__.py", line 6, in <module>
    from django.db.models.query import Q, QuerySet, Prefetch  # NOQA
  File "/Users/ruoyanqin/.virtualenvs/TDDPython/lib/python3.5/site-packages/django/db/models/query.py", line 16, in <module>
    from django.db.models import sql
  File "/Users/ruoyanqin/.virtualenvs/TDDPython/lib/python3.5/site-packages/django/db/models/sql/__init__.py", line 2, in <module>
    from django.db.models.sql.subqueries import *  # NOQA
  File "/Users/ruoyanqin/.virtualenvs/TDDPython/lib/python3.5/site-packages/django/db/models/sql/subqueries.py", line 9, in <module>
    from django.db.models.sql.query import Query
  File "/Users/ruoyanqin/.virtualenvs/TDDPython/lib/python3.5/site-packages/django/db/models/sql/query.py", line 17, in <module>
    from django.db.models.aggregates import Count
  File "/Users/ruoyanqin/.virtualenvs/TDDPython/lib/python3.5/site-packages/django/db/models/aggregates.py", line 5, in <module>
    from django.db.models.expressions import Func, Star
  File "/Users/ruoyanqin/.virtualenvs/TDDPython/lib/python3.5/site-packages/django/db/models/expressions.py", line 7, in <module>
    from django.db.models import fields
  File "/Users/ruoyanqin/.virtualenvs/TDDPython/lib/python3.5/site-packages/django/db/models/fields/__init__.py", line 19, in <module>
    from django import forms
  File "/Users/ruoyanqin/.virtualenvs/TDDPython/lib/python3.5/site-packages/django/forms/__init__.py", line 6, in <module>
    from django.forms.fields import *  # NOQA
  File "/Users/ruoyanqin/.virtualenvs/TDDPython/lib/python3.5/site-packages/django/forms/fields.py", line 21, in <module>
    from django.forms.utils import from_current_timezone, to_current_timezone
  File "<frozen importlib._bootstrap>", line 969, in _find_and_load
  File "<frozen importlib._bootstrap>", line 958, in _find_and_load_unlocked
  File "<frozen importlib._bootstrap>", line 673, in _load_unlocked
  File "<frozen importlib._bootstrap_external>", line 658, in exec_module
  File "<frozen importlib._bootstrap_external>", line 747, in get_code
  File "<frozen importlib._bootstrap_external>", line 816, in get_data
KeyboardInterrupt
(TDDPython)ruoyanqin ~/Developer/lgc$ python manage.py runserver
Performing system checks...

System check identified no issues (0 silenced).
December 20, 2015 - 22:52:44
Django version 1.8.7, using settings 'lgc.settings'
Starting development server at http://127.0.0.1:8000/
Quit the server with CONTROL-C.
[20/Dec/2015 22:52:55] "GET / HTTP/1.1" 200 7334
[20/Dec/2015 22:52:56] "GET /js/bootstrap.min.js HTTP/1.1" 404 2323
[20/Dec/2015 22:52:56] "GET /js/jquery.js HTTP/1.1" 404 2302
[20/Dec/2015 22:52:56] "GET /js/grayscale.js HTTP/1.1" 404 2311
[20/Dec/2015 22:52:56] "GET /static/css/grayscale.css HTTP/1.1" 304 0
[20/Dec/2015 22:52:56] "GET /js/jquery.easing.min.js HTTP/1.1" 404 2335
[20/Dec/2015 22:52:57] "GET /favicon.ico HTTP/1.1" 404 2299
[20/Dec/2015 22:53:30] "GET / HTTP/1.1" 200 7335
[20/Dec/2015 22:53:31] "GET /js/bootstrap.min.js HTTP/1.1" 404 2323
[20/Dec/2015 22:53:31] "GET /static/css/bootstrap.min.css HTTP/1.1" 304 0
[20/Dec/2015 22:53:31] "GET /static/css/grayscale.css HTTP/1.1" 304 0
[20/Dec/2015 22:53:31] "GET /js/jquery.js HTTP/1.1" 404 2302
[20/Dec/2015 22:53:31] "GET /static/css/cover.css HTTP/1.1" 304 0
[20/Dec/2015 22:53:31] "GET /js/jquery.easing.min.js HTTP/1.1" 404 2335
[20/Dec/2015 22:53:31] "GET /static/font-awesome/css/font-awesome.min.css HTTP/1.1" 304 0
[20/Dec/2015 22:53:31] "GET /js/grayscale.js HTTP/1.1" 404 2311
[20/Dec/2015 22:53:31] "GET /static/img/homepage_0.jpg HTTP/1.1" 304 0
[20/Dec/2015 22:53:31] "GET /static/img/downloads-bg.jpg HTTP/1.1" 304 0
[20/Dec/2015 22:53:54] "GET / HTTP/1.1" 200 7335
[20/Dec/2015 22:53:54] "GET /static/font-awesome/css/font-awesome.min.css HTTP/1.1" 304 0
[20/Dec/2015 22:53:54] "GET /static/css/bootstrap.min.css HTTP/1.1" 304 0
[20/Dec/2015 22:53:54] "GET /static/css/grayscale.css HTTP/1.1" 304 0
[20/Dec/2015 22:53:54] "GET /js/jquery.js HTTP/1.1" 404 2302
[20/Dec/2015 22:53:54] "GET /static/css/cover.css HTTP/1.1" 304 0
[20/Dec/2015 22:53:54] "GET /js/jquery.easing.min.js HTTP/1.1" 404 2335
[20/Dec/2015 22:53:54] "GET /js/grayscale.js HTTP/1.1" 404 2311
[20/Dec/2015 22:53:54] "GET /js/bootstrap.min.js HTTP/1.1" 404 2323
[20/Dec/2015 22:53:54] "GET /static/img/homepage_0.jpg HTTP/1.1" 304 0
[20/Dec/2015 22:53:54] "GET /static/img/downloads-bg.jpg HTTP/1.1" 304 0
[20/Dec/2015 22:55:14] "GET / HTTP/1.1" 200 7450
[20/Dec/2015 22:55:15] "GET /static/css/cover.css HTTP/1.1" 304 0
[20/Dec/2015 22:55:15] "GET /static/font-awesome/css/font-awesome.min.css HTTP/1.1" 304 0
[20/Dec/2015 22:55:15] "GET /static/css/grayscale.css HTTP/1.1" 304 0
[20/Dec/2015 22:55:15] "GET /static/css/bootstrap.min.css HTTP/1.1" 304 0
[20/Dec/2015 22:55:15] "GET /js/jquery.js HTTP/1.1" 404 2302
[20/Dec/2015 22:55:15] "GET /js/jquery.easing.min.js HTTP/1.1" 404 2335
[20/Dec/2015 22:55:15] "GET /js/bootstrap.min.js HTTP/1.1" 404 2323
[20/Dec/2015 22:55:15] "GET /js/grayscale.js HTTP/1.1" 404 2311
[20/Dec/2015 22:55:15] "GET /static/img/homepage_0.jpg HTTP/1.1" 304 0
[20/Dec/2015 22:55:15] "GET /static/img/downloads-bg.jpg HTTP/1.1" 304 0
[20/Dec/2015 22:55:31] "GET / HTTP/1.1" 200 7436
[20/Dec/2015 22:55:31] "GET /static/css/bootstrap.min.css HTTP/1.1" 304 0
[20/Dec/2015 22:55:31] "GET /static/css/cover.css HTTP/1.1" 304 0
[20/Dec/2015 22:55:31] "GET /static/css/grayscale.css HTTP/1.1" 304 0
[20/Dec/2015 22:55:31] "GET /static/font-awesome/css/font-awesome.min.css HTTP/1.1" 304 0
[20/Dec/2015 22:55:31] "GET /js/jquery.js HTTP/1.1" 404 2302
[20/Dec/2015 22:55:31] "GET /js/bootstrap.min.js HTTP/1.1" 404 2323
[20/Dec/2015 22:55:31] "GET /js/jquery.easing.min.js HTTP/1.1" 404 2335
[20/Dec/2015 22:55:31] "GET /js/grayscale.js HTTP/1.1" 404 2311
[20/Dec/2015 22:55:31] "GET /static/img/downloads-bg.jpg HTTP/1.1" 304 0
[20/Dec/2015 22:55:31] "GET /static/img/homepage_0.jpg HTTP/1.1" 304 0
[20/Dec/2015 22:55:45] "GET / HTTP/1.1" 200 7445
[20/Dec/2015 22:55:45] "GET /static/css/grayscale.css HTTP/1.1" 304 0
[20/Dec/2015 22:55:45] "GET /static/font-awesome/css/font-awesome.min.css HTTP/1.1" 304 0
[20/Dec/2015 22:55:45] "GET /js/jquery.js HTTP/1.1" 404 2302
[20/Dec/2015 22:55:45] "GET /static/css/cover.css HTTP/1.1" 304 0
[20/Dec/2015 22:55:45] "GET /static/css/bootstrap.min.css HTTP/1.1" 304 0
[20/Dec/2015 22:55:45] "GET /js/bootstrap.min.js HTTP/1.1" 404 2323
[20/Dec/2015 22:55:45] "GET /js/jquery.easing.min.js HTTP/1.1" 404 2335
[20/Dec/2015 22:55:45] "GET /js/grayscale.js HTTP/1.1" 404 2311
[20/Dec/2015 22:55:45] "GET /static/img/homepage_0.jpg HTTP/1.1" 304 0
[20/Dec/2015 22:55:45] "GET /static/img/downloads-bg.jpg HTTP/1.1" 304 0
[20/Dec/2015 22:57:37] "GET / HTTP/1.1" 200 7747
[20/Dec/2015 22:57:37] "GET /static/css/bootstrap.min.css HTTP/1.1" 304 0
[20/Dec/2015 22:57:37] "GET /static/css/cover.css HTTP/1.1" 304 0
[20/Dec/2015 22:57:37] "GET /static/css/grayscale.css HTTP/1.1" 304 0
[20/Dec/2015 22:57:37] "GET /static/font-awesome/css/font-awesome.min.css HTTP/1.1" 304 0
[20/Dec/2015 22:57:37] "GET /js/bootstrap.min.js HTTP/1.1" 404 2323
[20/Dec/2015 22:57:37] "GET /js/jquery.js HTTP/1.1" 404 2302
[20/Dec/2015 22:57:37] "GET /js/grayscale.js HTTP/1.1" 404 2311
[20/Dec/2015 22:57:37] "GET /js/jquery.easing.min.js HTTP/1.1" 404 2335
[20/Dec/2015 22:57:37] "GET /static/img/downloads-bg.jpg HTTP/1.1" 304 0
[20/Dec/2015 22:57:37] "GET /static/img/homepage_0.jpg HTTP/1.1" 304 0
[20/Dec/2015 22:58:28] "GET / HTTP/1.1" 200 7833
[20/Dec/2015 22:58:28] "GET /js/bootstrap.min.js HTTP/1.1" 404 2323
[20/Dec/2015 22:58:28] "GET /static/css/grayscale.css HTTP/1.1" 304 0
[20/Dec/2015 22:58:28] "GET /static/css/bootstrap.min.css HTTP/1.1" 304 0
[20/Dec/2015 22:58:28] "GET /static/font-awesome/css/font-awesome.min.css HTTP/1.1" 304 0
[20/Dec/2015 22:58:28] "GET /static/css/cover.css HTTP/1.1" 304 0
[20/Dec/2015 22:58:28] "GET /js/jquery.js HTTP/1.1" 404 2302
[20/Dec/2015 22:58:28] "GET /js/jquery.easing.min.js HTTP/1.1" 404 2335
[20/Dec/2015 22:58:28] "GET /js/grayscale.js HTTP/1.1" 404 2311
[20/Dec/2015 22:58:28] "GET /static/img/homepage_0.jpg HTTP/1.1" 304 0
[20/Dec/2015 22:58:28] "GET /static/img/downloads-bg.jpg HTTP/1.1" 304 0
[20/Dec/2015 22:59:07] "GET / HTTP/1.1" 200 7851
[20/Dec/2015 22:59:07] "GET /static/css/bootstrap.min.css HTTP/1.1" 304 0
[20/Dec/2015 22:59:07] "GET /static/css/cover.css HTTP/1.1" 304 0
[20/Dec/2015 22:59:07] "GET /static/css/grayscale.css HTTP/1.1" 304 0
[20/Dec/2015 22:59:07] "GET /static/font-awesome/css/font-awesome.min.css HTTP/1.1" 304 0
[20/Dec/2015 22:59:07] "GET /js/jquery.js HTTP/1.1" 404 2302
[20/Dec/2015 22:59:07] "GET /js/jquery.easing.min.js HTTP/1.1" 404 2335
[20/Dec/2015 22:59:07] "GET /js/grayscale.js HTTP/1.1" 404 2311
[20/Dec/2015 22:59:07] "GET /js/bootstrap.min.js HTTP/1.1" 404 2323
[20/Dec/2015 22:59:07] "GET /static/img/homepage_0.jpg HTTP/1.1" 304 0
[20/Dec/2015 22:59:07] "GET /static/img/downloads-bg.jpg HTTP/1.1" 304 0
[20/Dec/2015 22:59:20] "GET / HTTP/1.1" 200 7853
[20/Dec/2015 22:59:21] "GET /static/css/bootstrap.min.css HTTP/1.1" 304 0
[20/Dec/2015 22:59:21] "GET /js/jquery.js HTTP/1.1" 404 2302
[20/Dec/2015 22:59:21] "GET /static/css/cover.css HTTP/1.1" 304 0
[20/Dec/2015 22:59:21] "GET /static/css/grayscale.css HTTP/1.1" 304 0
[20/Dec/2015 22:59:21] "GET /static/font-awesome/css/font-awesome.min.css HTTP/1.1" 304 0
[20/Dec/2015 22:59:21] "GET /js/bootstrap.min.js HTTP/1.1" 404 2323
[20/Dec/2015 22:59:21] "GET /js/jquery.easing.min.js HTTP/1.1" 404 2335
[20/Dec/2015 22:59:21] "GET /js/grayscale.js HTTP/1.1" 404 2311
[20/Dec/2015 22:59:21] "GET /static/img/homepage_0.jpg HTTP/1.1" 304 0
[20/Dec/2015 22:59:21] "GET /static/img/downloads-bg.jpg HTTP/1.1" 304 0
[20/Dec/2015 23:01:13] "GET / HTTP/1.1" 200 7428
[20/Dec/2015 23:01:13] "GET /static/css/bootstrap.min.css HTTP/1.1" 304 0
[20/Dec/2015 23:01:13] "GET /static/css/cover.css HTTP/1.1" 304 0
[20/Dec/2015 23:01:13] "GET /static/css/grayscale.css HTTP/1.1" 304 0
[20/Dec/2015 23:01:13] "GET /static/font-awesome/css/font-awesome.min.css HTTP/1.1" 304 0
[20/Dec/2015 23:01:13] "GET /js/jquery.js HTTP/1.1" 404 2302
[20/Dec/2015 23:01:13] "GET /js/grayscale.js HTTP/1.1" 404 2311
[20/Dec/2015 23:01:13] "GET /js/bootstrap.min.js HTTP/1.1" 404 2323
[20/Dec/2015 23:01:13] "GET /js/jquery.easing.min.js HTTP/1.1" 404 2335
[20/Dec/2015 23:01:13] "GET /static/img/homepage_0.jpg HTTP/1.1" 304 0
[20/Dec/2015 23:01:13] "GET /static/img/downloads-bg.jpg HTTP/1.1" 304 0
[20/Dec/2015 23:01:54] "GET / HTTP/1.1" 200 7411
[20/Dec/2015 23:01:54] "GET /js/bootstrap.min.js HTTP/1.1" 404 2323
[20/Dec/2015 23:01:54] "GET /static/css/bootstrap.min.css HTTP/1.1" 304 0
[20/Dec/2015 23:01:54] "GET /static/font-awesome/css/font-awesome.min.css HTTP/1.1" 304 0
[20/Dec/2015 23:01:54] "GET /static/css/cover.css HTTP/1.1" 304 0
[20/Dec/2015 23:01:54] "GET /static/css/grayscale.css HTTP/1.1" 304 0
[20/Dec/2015 23:01:54] "GET /js/jquery.js HTTP/1.1" 404 2302
[20/Dec/2015 23:01:54] "GET /js/jquery.easing.min.js HTTP/1.1" 404 2335
[20/Dec/2015 23:01:54] "GET /js/grayscale.js HTTP/1.1" 404 2311
[20/Dec/2015 23:01:54] "GET /static/img/homepage_0.jpg HTTP/1.1" 304 0
[20/Dec/2015 23:01:54] "GET /static/img/downloads-bg.jpg HTTP/1.1" 304 0
[20/Dec/2015 23:03:00] "GET / HTTP/1.1" 200 7209
[20/Dec/2015 23:03:00] "GET /static/css/bootstrap.min.css HTTP/1.1" 304 0
[20/Dec/2015 23:03:00] "GET /static/css/cover.css HTTP/1.1" 304 0
[20/Dec/2015 23:03:00] "GET /static/css/grayscale.css HTTP/1.1" 304 0
[20/Dec/2015 23:03:00] "GET /js/bootstrap.min.js HTTP/1.1" 404 2323
[20/Dec/2015 23:03:00] "GET /js/grayscale.js HTTP/1.1" 404 2311
[20/Dec/2015 23:03:00] "GET /static/font-awesome/css/font-awesome.min.css HTTP/1.1" 304 0
[20/Dec/2015 23:03:00] "GET /js/jquery.js HTTP/1.1" 404 2302
[20/Dec/2015 23:03:00] "GET /js/jquery.easing.min.js HTTP/1.1" 404 2335
[20/Dec/2015 23:03:00] "GET /static/img/homepage_0.jpg HTTP/1.1" 304 0
[20/Dec/2015 23:03:00] "GET /static/img/downloads-bg.jpg HTTP/1.1" 304 0
[20/Dec/2015 23:06:32] "GET / HTTP/1.1" 200 7188
[20/Dec/2015 23:06:32] "GET /static/css/bootstrap.min.css HTTP/1.1" 304 0
[20/Dec/2015 23:06:32] "GET /js/jquery.js HTTP/1.1" 404 2302
[20/Dec/2015 23:06:32] "GET /static/font-awesome/css/font-awesome.min.css HTTP/1.1" 304 0
[20/Dec/2015 23:06:32] "GET /js/bootstrap.min.js HTTP/1.1" 404 2323
[20/Dec/2015 23:06:32] "GET /static/css/grayscale.css HTTP/1.1" 304 0
[20/Dec/2015 23:06:32] "GET /static/css/cover.css HTTP/1.1" 304 0
[20/Dec/2015 23:06:32] "GET /js/jquery.easing.min.js HTTP/1.1" 404 2335
[20/Dec/2015 23:06:32] "GET /js/grayscale.js HTTP/1.1" 404 2311
[20/Dec/2015 23:06:32] "GET /static/img/homepage_0.jpg HTTP/1.1" 304 0
[20/Dec/2015 23:06:32] "GET /static/img/downloads-bg.jpg HTTP/1.1" 304 0
[20/Dec/2015 23:11:41] "GET / HTTP/1.1" 200 7188
[20/Dec/2015 23:11:41] "GET /static/css/bootstrap.min.css HTTP/1.1" 304 0
[20/Dec/2015 23:11:41] "GET /static/css/cover.css HTTP/1.1" 304 0
[20/Dec/2015 23:11:41] "GET /js/bootstrap.min.js HTTP/1.1" 404 2323
[20/Dec/2015 23:11:41] "GET /static/css/grayscale.css HTTP/1.1" 200 7142
[20/Dec/2015 23:11:41] "GET /static/font-awesome/css/font-awesome.min.css HTTP/1.1" 304 0
[20/Dec/2015 23:11:41] "GET /js/jquery.js HTTP/1.1" 404 2302
[20/Dec/2015 23:11:41] "GET /js/jquery.easing.min.js HTTP/1.1" 404 2335
[20/Dec/2015 23:11:41] "GET /js/grayscale.js HTTP/1.1" 404 2311
[20/Dec/2015 23:11:41] "GET /static/img/homepage_0.jpg HTTP/1.1" 304 0
[20/Dec/2015 23:11:41] "GET /static/img/homepage_1.jpg HTTP/1.1" 200 7361614
[20/Dec/2015 23:11:53] "GET / HTTP/1.1" 200 7188
[20/Dec/2015 23:11:53] "GET /static/css/bootstrap.min.css HTTP/1.1" 304 0
[20/Dec/2015 23:11:53] "GET /static/css/cover.css HTTP/1.1" 304 0
[20/Dec/2015 23:11:53] "GET /static/font-awesome/css/font-awesome.min.css HTTP/1.1" 304 0
[20/Dec/2015 23:11:53] "GET /static/css/grayscale.css HTTP/1.1" 200 7142
[20/Dec/2015 23:11:53] "GET /js/jquery.js HTTP/1.1" 404 2302
[20/Dec/2015 23:11:54] "GET /js/bootstrap.min.js HTTP/1.1" 404 2323
[20/Dec/2015 23:11:54] "GET /js/grayscale.js HTTP/1.1" 404 2311
[20/Dec/2015 23:11:54] "GET /js/jquery.easing.min.js HTTP/1.1" 404 2335
[20/Dec/2015 23:11:54] "GET /static/img/homepage_0.jpg HTTP/1.1" 304 0
[20/Dec/2015 23:11:54] "GET /static/img/homepage_2.jpg HTTP/1.1" 200 6816651
[20/Dec/2015 23:12:01] "GET / HTTP/1.1" 200 7188
[20/Dec/2015 23:12:01] "GET /static/css/bootstrap.min.css HTTP/1.1" 304 0
[20/Dec/2015 23:12:01] "GET /static/css/cover.css HTTP/1.1" 304 0
[20/Dec/2015 23:12:01] "GET /static/css/grayscale.css HTTP/1.1" 200 7142
[20/Dec/2015 23:12:01] "GET /static/font-awesome/css/font-awesome.min.css HTTP/1.1" 304 0
[20/Dec/2015 23:12:01] "GET /js/jquery.easing.min.js HTTP/1.1" 404 2335
[20/Dec/2015 23:12:01] "GET /js/bootstrap.min.js HTTP/1.1" 404 2323
[20/Dec/2015 23:12:01] "GET /js/grayscale.js HTTP/1.1" 404 2311
[20/Dec/2015 23:12:01] "GET /js/jquery.js HTTP/1.1" 404 2302
[20/Dec/2015 23:12:01] "GET /static/img/homepage_0.jpg HTTP/1.1" 304 0
[20/Dec/2015 23:12:02] "GET /static/img/homepage_3.jpg HTTP/1.1" 200 9955801
[20/Dec/2015 23:12:07] "GET / HTTP/1.1" 200 7188
[20/Dec/2015 23:12:08] "GET /static/css/bootstrap.min.css HTTP/1.1" 304 0
[20/Dec/2015 23:12:08] "GET /static/css/cover.css HTTP/1.1" 304 0
[20/Dec/2015 23:12:08] "GET /static/css/grayscale.css HTTP/1.1" 200 7142
[20/Dec/2015 23:12:08] "GET /static/font-awesome/css/font-awesome.min.css HTTP/1.1" 304 0
[20/Dec/2015 23:12:08] "GET /js/jquery.js HTTP/1.1" 404 2302
[20/Dec/2015 23:12:08] "GET /js/bootstrap.min.js HTTP/1.1" 404 2323
[20/Dec/2015 23:12:08] "GET /js/jquery.easing.min.js HTTP/1.1" 404 2335
[20/Dec/2015 23:12:08] "GET /js/grayscale.js HTTP/1.1" 404 2311
[20/Dec/2015 23:12:08] "GET /static/img/homepage_0.jpg HTTP/1.1" 304 0
[20/Dec/2015 23:12:08] "GET /static/img/homepage_4.jpg HTTP/1.1" 200 7904345
[20/Dec/2015 23:12:39] "GET / HTTP/1.1" 200 7188
[20/Dec/2015 23:12:39] "GET /static/css/bootstrap.min.css HTTP/1.1" 304 0
[20/Dec/2015 23:12:39] "GET /static/css/grayscale.css HTTP/1.1" 200 7142
[20/Dec/2015 23:12:39] "GET /static/css/cover.css HTTP/1.1" 304 0
[20/Dec/2015 23:12:39] "GET /static/font-awesome/css/font-awesome.min.css HTTP/1.1" 304 0
[20/Dec/2015 23:12:39] "GET /js/bootstrap.min.js HTTP/1.1" 404 2323
[20/Dec/2015 23:12:39] "GET /js/jquery.js HTTP/1.1" 404 2302
[20/Dec/2015 23:12:39] "GET /js/jquery.easing.min.js HTTP/1.1" 404 2335
[20/Dec/2015 23:12:39] "GET /js/grayscale.js HTTP/1.1" 404 2311
[20/Dec/2015 23:12:39] "GET /static/img/homepage_0.jpg HTTP/1.1" 304 0
[20/Dec/2015 23:12:40] "GET /static/img/homepage_5.jpg HTTP/1.1" 200 10544335
[20/Dec/2015 23:12:52] "GET / HTTP/1.1" 200 7188
[20/Dec/2015 23:12:52] "GET /static/css/cover.css HTTP/1.1" 304 0
[20/Dec/2015 23:12:52] "GET /static/css/bootstrap.min.css HTTP/1.1" 304 0
[20/Dec/2015 23:12:52] "GET /js/jquery.js HTTP/1.1" 404 2302
[20/Dec/2015 23:12:52] "GET /static/font-awesome/css/font-awesome.min.css HTTP/1.1" 304 0
[20/Dec/2015 23:12:52] "GET /js/bootstrap.min.js HTTP/1.1" 404 2323
[20/Dec/2015 23:12:52] "GET /js/jquery.easing.min.js HTTP/1.1" 404 2335
[20/Dec/2015 23:12:52] "GET /js/grayscale.js HTTP/1.1" 404 2311
[20/Dec/2015 23:12:52] "GET /static/css/grayscale.css HTTP/1.1" 200 7142
[20/Dec/2015 23:12:52] "GET /static/img/homepage_0.jpg HTTP/1.1" 304 0
[20/Dec/2015 23:12:52] "GET /static/img/homepage_1.jpg HTTP/1.1" 304 0
^C(TDDPython)ruoyanqin ~/Developer/lgc$ git remote -v
fatal: Not a git repository (or any of the parent directories): .git
(TDDPython)ruoyanqin ~/Developer/lgc$ ls
total 112
drwxr-xr-x  11 ruoyanqin  staff   374B Dec 19 08:27 .
drwxr-xr-x  16 ruoyanqin  staff   544B Dec 20 13:22 ..
-rw-r--r--@  1 ruoyanqin  staff   8.0K Dec 20 14:34 .DS_Store
-rw-r--r--   1 ruoyanqin  staff    39K Dec 19 08:27 db.sqlite3
drwxr-xr-x  11 ruoyanqin  staff   374B Dec 19 08:14 doorsensor
drwxr-xr-x   5 ruoyanqin  staff   170B Dec 19 08:26 functional_tests
drwxr-xr-x  11 ruoyanqin  staff   374B Dec 20 13:32 lgc
-rwxr-xr-x   1 ruoyanqin  staff   246B Dec 19 08:20 manage.py
drwxr-xr-x  10 ruoyanqin  staff   340B Dec 20 13:27 project_static
drwxr-xr-x   3 ruoyanqin  staff   102B Dec  7 19:31 static
drwxr-xr-x  11 ruoyanqin  staff   374B Dec 20 13:44 templates
(TDDPython)ruoyanqin ~/Developer/lgc$ 
